
========================================================
- Edge <0,5> : 13
- Edge <0,11> : 1
- Edge <0,12> : 22
- Edge <1,2> : 37
- Edge <1,8> : 12
- Edge <1,12> : 50
- Edge <1,13> : 7
- Edge <2,3> : 36
- Edge <2,8> : 1
- Edge <3,8> : 10
- Edge <3,9> : 44
- Edge <3,10> : 6
- Edge <4,7> : 1
- Edge <4,9> : 24
- Edge <4,14> : 13
- Edge <5,6> : 2
- Edge <5,11> : 1
- Edge <6,11> : 1
- Edge <6,12> : 11
- Edge <7,9> : 12
- Edge <7,14> : 1
- Edge <8,10> : 7
- Edge <8,13> : 6
- Edge <10,13> : 1
- Edge <11,12> : 11


 Medidas : 
 - Média : 13.200000
 - Mais repetido : <1,12> -> 50x
 - Distância Superior : 36.799999
========================================================
- Edge <0,5> : 3
- Edge <0,11> : 1
- Edge <0,12> : 2
- Edge <1,2> : 7
- Edge <1,8> : 2
- Edge <1,13> : 2
- Edge <2,3> : 11
- Edge <2,8> : 1
- Edge <3,8> : 10
- Edge <3,9> : 24
- Edge <3,10> : 6
- Edge <4,7> : 1
- Edge <4,9> : 14
- Edge <4,14> : 8
- Edge <5,6> : 2
- Edge <5,11> : 1
- Edge <6,11> : 1
- Edge <6,12> : 1
- Edge <7,9> : 7
- Edge <7,14> : 1
- Edge <8,10> : 2
- Edge <8,13> : 6
- Edge <10,13> : 1
- Edge <11,12> : 1


 Medidas : 
 - Média : 4.791667
 - Mais repetido : <3,9> -> 24x
 - Distância Superior : 19.208334
========================================================
- Edge <0,5> : 3
- Edge <0,11> : 1
- Edge <0,12> : 2
- Edge <1,2> : 3
- Edge <1,8> : 2
- Edge <1,13> : 2
- Edge <2,3> : 3
- Edge <2,8> : 1
- Edge <3,8> : 2
- Edge <3,10> : 2
- Edge <4,7> : 1
- Edge <4,9> : 2
- Edge <4,14> : 2
- Edge <5,6> : 2
- Edge <5,11> : 1
- Edge <6,11> : 1
- Edge <6,12> : 1
- Edge <7,9> : 1
- Edge <7,14> : 1
- Edge <8,10> : 2
- Edge <8,13> : 2
- Edge <10,13> : 1
- Edge <11,12> : 1


 Medidas : 
 - Média : 1.695652
 - Mais repetido : <0,5> -> 3x
 - Distância Superior : 1.304348

Source Target Neighbourhood
0 11 NH_0
0 12 NH_0
11 0 NH_11
11 5 NH_11
11 6 NH_11
11 12 NH_11
12 0 NH_12
12 6 NH_12
12 11 NH_12
5 6 NH_5
5 11 NH_5
6 5 NH_6
6 11 NH_6
6 12 NH_6
1 2 NH_1
1 8 NH_1
1 13 NH_1
2 1 NH_2
2 3 NH_2
2 8 NH_2
8 1 NH_8
8 2 NH_8
8 3 NH_8
8 10 NH_8
8 13 NH_8
13 1 NH_13
13 8 NH_13
13 10 NH_13
3 2 NH_3
3 8 NH_3
3 10 NH_3
10 3 NH_10
10 8 NH_10
10 13 NH_10
4 7 NH_4
4 9 NH_4
4 14 NH_4
7 4 NH_7
7 9 NH_7
7 14 NH_7
9 4 NH_9
9 7 NH_9
14 4 NH_14
14 7 NH_14