
========================================================
- Edge <0,1> : 5
- Edge <0,2> : 5
- Edge <0,3> : 5
- Edge <0,4> : 5
- Edge <0,5> : 20
- Edge <1,2> : 1
- Edge <1,3> : 1
- Edge <1,4> : 1
- Edge <2,3> : 1
- Edge <2,4> : 1
- Edge <3,4> : 1
- Edge <5,6> : 6
- Edge <5,7> : 6
- Edge <5,8> : 6
- Edge <6,7> : 1
- Edge <6,8> : 1
- Edge <7,8> : 1


 Medidas : 
 - Média : 3.941176
 - Mais repetido : <0,5> -> 20x
 - Distância Superior : 16.058823
========================================================
- Edge <0,1> : 1
- Edge <0,2> : 1
- Edge <0,3> : 1
- Edge <0,4> : 1
- Edge <1,2> : 1
- Edge <1,3> : 1
- Edge <1,4> : 1
- Edge <2,3> : 1
- Edge <2,4> : 1
- Edge <3,4> : 1
- Edge <5,6> : 1
- Edge <5,7> : 1
- Edge <5,8> : 1
- Edge <6,7> : 1
- Edge <6,8> : 1
- Edge <7,8> : 1


 Medidas : 
 - Média : 1.000000
 - Mais repetido : <0,1> -> 1x
 - Distância Superior : 0.000000

Source Target Neighbourhood
0 2 NH_0
0 3 NH_0
0 4 NH_0
2 0 NH_2
2 1 NH_2
2 3 NH_2
2 4 NH_2
3 0 NH_3
3 1 NH_3
3 2 NH_3
3 4 NH_3
4 0 NH_4
4 1 NH_4
4 2 NH_4
4 3 NH_4
1 2 NH_1
1 3 NH_1
1 4 NH_1

5 6 NH_5
5 7 NH_5
5 8 NH_5
6 5 NH_6
6 7 NH_6
6 8 NH_6
7 5 NH_7
7 6 NH_7
7 8 NH_7
8 5 NH_8
8 6 NH_8
8 7 NH_8

















































































































































































































































